start -1 7 7 10 12 14
start 4 10 15 15
start 0 4 11 12 14
start -3 -1 7 8 13 14
start -1 10 12 14
start -4 -1 12 12 15
start -5 2 8 13 14
start 14 15
start -10 10 14 14
start -10 3 5 5 12 12
start -2 4 6 6 12
start 10 13
start 2 4 6 10
start -9 6 7 8 9
start 5 14
start -1 2 5 5 7
start 6 11
start -9 -4 4 6 9 10
start 1 14
start -10 3 8 13
start -5 -5 10 13
start 0 1 2 4 5
start -6 -2 2 3 13
start -5 -2 -1 -1 7 11
start -10 4 5 9
start -9 -6 -1 4 4 14
start -8 -1 0 2 2 10
start -4 -2 0 1 9
start -2 0 4
start -3 1 2
start -5 4
start -9 7
start -8 -7 12
start -8 -6 2 8
start -10 -8 -1 14
start -6 -1
start -7 -5 -3 -2 8
start -7 -6 3
start -10 -6 -5 2 8
start -10 -7 -6 -1 12
start -7 -4 -3
start -9 -5 -3 -2 4
start -9 -9 -3 4
start -10 -6 -5 -2
start -10 -8 -7 -5 -2 8
start -10 -7 -5 -5 0 1
